# JRE version: OpenJDK Runtime Environment (8.0_312-b07) (build 1.8.0_312-b07)
# Java VM: OpenJDK 64-Bit Server VM (25.312-b07 mixed mode windows-amd64 compressed oops)
Heap:
 PSYoungGen      total 2787840K, used 1742638K [0x0000000715b00000, 0x00000007c0000000, 0x00000007c0000000)
  eden space 2786304K, 62% used [0x0000000715b00000,0x00000007800a3b90,0x00000007bfc00000)
  from space 1536K, 10% used [0x00000007bfd80000,0x00000007bfda8000,0x00000007bff00000)
  to   space 1536K, 6% used [0x00000007bfc00000,0x00000007bfc18000,0x00000007bfd80000)
 ParOldGen       total 5580288K, used 3232626K [0x00000005c1000000, 0x0000000715980000, 0x0000000715b00000)
  object space 5580288K, 57% used [0x00000005c1000000,0x00000006864dc830,0x0000000715980000)
 Metaspace       used 57092K, capacity 61196K, committed 61464K, reserved 1101824K
  class space    used 7967K, capacity 8662K, committed 8728K, reserved 1048576K
GC Heap History (10 events):
Event: 92.853 GC heap after
Heap after GC invocations=65 (full 9):
 PSYoungGen      total 2788352K, used 96K [0x0000000715b00000, 0x00000007c0000000, 0x00000007c0000000)
  eden space 2786304K, 0% used [0x0000000715b00000,0x0000000715b00000,0x00000007bfc00000)
  from space 2048K, 4% used [0x00000007bfe00000,0x00000007bfe18000,0x00000007c0000000)
  to   space 2048K, 0% used [0x00000007bfc00000,0x00000007bfc00000,0x00000007bfe00000)
 ParOldGen       total 4901376K, used 3004901K [0x00000005c1000000, 0x00000006ec280000, 0x0000000715b00000)
  object space 4901376K, 61% used [0x00000005c1000000,0x00000006786796c0,0x00000006ec280000)
 Metaspace       used 57085K, capacity 61196K, committed 61464K, reserved 1101824K
  class space    used 7966K, capacity 8662K, committed 8728K, reserved 1048576K
}
Event: 92.987 GC heap before
{Heap before GC invocations=66 (full 9):
 PSYoungGen      total 2788352K, used 2786400K [0x0000000715b00000, 0x00000007c0000000, 0x00000007c0000000)
  eden space 2786304K, 100% used [0x0000000715b00000,0x00000007bfc00000,0x00000007bfc00000)
  from space 2048K, 4% used [0x00000007bfe00000,0x00000007bfe18000,0x00000007c0000000)
  to   space 2048K, 0% used [0x00000007bfc00000,0x00000007bfc00000,0x00000007bfe00000)
 ParOldGen       total 4901376K, used 3004901K [0x00000005c1000000, 0x00000006ec280000, 0x0000000715b00000)
  object space 4901376K, 61% used [0x00000005c1000000,0x00000006786796c0,0x00000006ec280000)
 Metaspace       used 57085K, capacity 61196K, committed 61464K, reserved 1101824K
  class space    used 7966K, capacity 8662K, committed 8728K, reserved 1048576K
Event: 95.163 GC heap after
Heap after GC invocations=66 (full 9):
 PSYoungGen      total 2786816K, used 176K [0x0000000715b00000, 0x00000007bff00000, 0x00000007c0000000)
  eden space 2786304K, 0% used [0x0000000715b00000,0x0000000715b00000,0x00000007bfc00000)
  from space 512K, 34% used [0x00000007bfc00000,0x00000007bfc2c010,0x00000007bfc80000)
  to   space 1536K, 0% used [0x00000007bfd80000,0x00000007bfd80000,0x00000007bff00000)
 ParOldGen       total 5581824K, used 5138109K [0x00000005c1000000, 0x0000000715b00000, 0x0000000715b00000)
  object space 5581824K, 92% used [0x00000005c1000000,0x00000006fa9af708,0x0000000715b00000)
 Metaspace       used 57085K, capacity 61196K, committed 61464K, reserved 1101824K
  class space    used 7966K, capacity 8662K, committed 8728K, reserved 1048576K
}
Event: 95.163 GC heap before
{Heap before GC invocations=67 (full 10):
 PSYoungGen      total 2786816K, used 176K [0x0000000715b00000, 0x00000007bff00000, 0x00000007c0000000)
  eden space 2786304K, 0% used [0x0000000715b00000,0x0000000715b00000,0x00000007bfc00000)
  from space 512K, 34% used [0x00000007bfc00000,0x00000007bfc2c010,0x00000007bfc80000)
  to   space 1536K, 0% used [0x00000007bfd80000,0x00000007bfd80000,0x00000007bff00000)
 ParOldGen       total 5581824K, used 5138109K [0x00000005c1000000, 0x0000000715b00000, 0x0000000715b00000)
  object space 5581824K, 92% used [0x00000005c1000000,0x00000006fa9af708,0x0000000715b00000)
 Metaspace       used 57085K, capacity 61196K, committed 61464K, reserved 1101824K
  class space    used 7966K, capacity 8662K, committed 8728K, reserved 1048576K
Event: 99.267 GC heap after
Heap after GC invocations=67 (full 10):
 PSYoungGen      total 2786816K, used 0K [0x0000000715b00000, 0x00000007bff00000, 0x00000007c0000000)
  eden space 2786304K, 0% used [0x0000000715b00000,0x0000000715b00000,0x00000007bfc00000)
  from space 512K, 0% used [0x00000007bfc00000,0x00000007bfc00000,0x00000007bfc80000)
  to   space 1536K, 0% used [0x00000007bfd80000,0x00000007bfd80000,0x00000007bff00000)
 ParOldGen       total 5581824K, used 4469964K [0x00000005c1000000, 0x0000000715b00000, 0x0000000715b00000)
  object space 5581824K, 80% used [0x00000005c1000000,0x00000006d1d33170,0x0000000715b00000)
 Metaspace       used 57085K, capacity 61196K, committed 61464K, reserved 1101824K
  class space    used 7966K, capacity 8662K, committed 8728K, reserved 1048576K
}
Event: 99.602 GC heap before
{Heap before GC invocations=68 (full 11):
 PSYoungGen      total 2786816K, used 2786304K [0x0000000715b00000, 0x00000007bff00000, 0x00000007c0000000)
  eden space 2786304K, 100% used [0x0000000715b00000,0x00000007bfc00000,0x00000007bfc00000)
  from space 512K, 0% used [0x00000007bfc00000,0x00000007bfc00000,0x00000007bfc80000)
  to   space 1536K, 0% used [0x00000007bfd80000,0x00000007bfd80000,0x00000007bff00000)
 ParOldGen       total 5581824K, used 4469964K [0x00000005c1000000, 0x0000000715b00000, 0x0000000715b00000)
  object space 5581824K, 80% used [0x00000005c1000000,0x00000006d1d33170,0x0000000715b00000)
 Metaspace       used 57092K, capacity 61196K, committed 61464K, reserved 1101824K
  class space    used 7967K, capacity 8662K, committed 8728K, reserved 1048576K
Event: 123.963 GC heap after
Heap after GC invocations=68 (full 11):
 PSYoungGen      total 2786816K, used 0K [0x0000000715b00000, 0x00000007bff00000, 0x00000007c0000000)
  eden space 2786304K, 0% used [0x0000000715b00000,0x0000000715b00000,0x00000007bfc00000)
  from space 512K, 0% used [0x00000007bfc00000,0x00000007bfc00000,0x00000007bfc80000)
  to   space 1536K, 0% used [0x00000007bfd80000,0x00000007bfd80000,0x00000007bff00000)
 ParOldGen       total 5580288K, used 3110924K [0x00000005c1000000, 0x0000000715980000, 0x0000000715b00000)
  object space 5580288K, 55% used [0x00000005c1000000,0x000000067ee03090,0x0000000715980000)
 Metaspace       used 57092K, capacity 61196K, committed 61464K, reserved 1101824K
  class space    used 7967K, capacity 8662K, committed 8728K, reserved 1048576K
}
Event: 124.137 GC heap before
{Heap before GC invocations=69 (full 11):
 PSYoungGen      total 2786816K, used 2786304K [0x0000000715b00000, 0x00000007bff00000, 0x00000007c0000000)
  eden space 2786304K, 100% used [0x0000000715b00000,0x00000007bfc00000,0x00000007bfc00000)
  from space 512K, 0% used [0x00000007bfc00000,0x00000007bfc00000,0x00000007bfc80000)
  to   space 1536K, 0% used [0x00000007bfd80000,0x00000007bfd80000,0x00000007bff00000)
 ParOldGen       total 5580288K, used 3110924K [0x00000005c1000000, 0x0000000715980000, 0x0000000715b00000)
  object space 5580288K, 55% used [0x00000005c1000000,0x000000067ee03090,0x0000000715980000)
 Metaspace       used 57092K, capacity 61196K, committed 61464K, reserved 1101824K
  class space    used 7967K, capacity 8662K, committed 8728K, reserved 1048576K
Event: 124.832 GC heap after
Heap after GC invocations=69 (full 11):
 PSYoungGen      total 2787840K, used 160K [0x0000000715b00000, 0x00000007c0000000, 0x00000007c0000000)
  eden space 2786304K, 0% used [0x0000000715b00000,0x0000000715b00000,0x00000007bfc00000)
  from space 1536K, 10% used [0x00000007bfd80000,0x00000007bfda8000,0x00000007bff00000)
  to   space 1536K, 0% used [0x00000007bfc00000,0x00000007bfc00000,0x00000007bfd80000)
 ParOldGen       total 5580288K, used 3110924K [0x00000005c1000000, 0x0000000715980000, 0x0000000715b00000)
  object space 5580288K, 55% used [0x00000005c1000000,0x000000067ee03090,0x0000000715980000)
 Metaspace       used 57092K, capacity 61196K, committed 61464K, reserved 1101824K
  class space    used 7967K, capacity 8662K, committed 8728K, reserved 1048576K
}
Event: 124.945 GC heap before
{Heap before GC invocations=70 (full 11):
 PSYoungGen      total 2787840K, used 1742638K [0x0000000715b00000, 0x00000007c0000000, 0x00000007c0000000)
  eden space 2786304K, 62% used [0x0000000715b00000,0x00000007800a3b90,0x00000007bfc00000)
  from space 1536K, 10% used [0x00000007bfd80000,0x00000007bfda8000,0x00000007bff00000)
  to   space 1536K, 0% used [0x00000007bfc00000,0x00000007bfc00000,0x00000007bfd80000)
 ParOldGen       total 5580288K, used 3110924K [0x00000005c1000000, 0x0000000715980000, 0x0000000715b00000)
  object space 5580288K, 55% used [0x00000005c1000000,0x000000067ee03090,0x0000000715980000)
 Metaspace       used 57092K, capacity 61196K, committed 61464K, reserved 1101824K
  class space    used 7967K, capacity 8662K, committed 8728K, reserved 1048576K

